<?xml version="1.0" encoding="UTF-8"?>
<!-- Generated by org.testng.reporters.JUnitReportReporter -->
<testsuite hostname="AFSWWD9L2L7T4Z" failures="0" tests="7" name="com.jabbott.listr.CategoryTests" time="0.087" errors="0" timestamp="2023-02-06T11:04:12 CST" skipped="0">
  <testcase classname="com.jabbott.listr.CategoryTests" name="createCategory" time="0.036"/>
  <system-out/>
  <testcase classname="com.jabbott.listr.CategoryTests" name="retrieveCategory" time="0.005"/>
  <system-out/>
  <testcase classname="com.jabbott.listr.CategoryTests" name="updateCategoryDoesNotExist" time="0.008"/>
  <system-out/>
  <testcase classname="com.jabbott.listr.CategoryTests" name="deleteCategoryDoesNotExist" time="0.008"/>
  <system-out/>
  <testcase classname="com.jabbott.listr.CategoryTests" name="retrieveCategoryDoesNotExist" time="0.012"/>
  <system-out/>
  <testcase classname="com.jabbott.listr.CategoryTests" name="updateCategory" time="0.006"/>
  <system-out/>
  <testcase classname="com.jabbott.listr.CategoryTests" name="deleteCategory" time="0.012"/>
  <system-out/>
</testsuite> <!-- com.jabbott.listr.CategoryTests -->
