<?xml version="1.0" encoding="UTF-8"?>
<!-- Generated by org.testng.reporters.JUnitReportReporter -->
<testsuite hostname="AFSWWD9L2L7T4Z" failures="0" tests="3" name="com.jabbott.listr.UserTests" time="0.050" errors="0" timestamp="2023-02-06T11:02:39 CST" skipped="0">
  <testcase classname="com.jabbott.listr.UserTests" name="retrieveUserInformationDoesNotExist" time="0.006"/>
  <system-out/>
  <testcase classname="com.jabbott.listr.UserTests" name="retrieveUserInformation" time="0.010"/>
  <system-out/>
  <testcase classname="com.jabbott.listr.UserTests" name="createNewUser" time="0.034"/>
  <system-out/>
</testsuite> <!-- com.jabbott.listr.UserTests -->
