<?xml version="1.0" encoding="UTF-8"?>
<!-- Generated by org.testng.reporters.JUnitReportReporter -->
<testsuite hostname="AFSWWD9L2L7T4Z" failures="0" tests="1" name="com.jabbott.listr.UnitTests" time="0.030" errors="0" timestamp="31 Jan 2023 19:51:48 GMT" skipped="0">
  <testcase classname="com.jabbott.listr.UnitTests" name="retrieveUserInformation" time="0.030"/>
</testsuite> <!-- com.jabbott.listr.UnitTests -->
