<?xml version="1.0" encoding="UTF-8"?>
<!-- Generated by org.testng.reporters.JUnitReportReporter -->
<testsuite hostname="AFSWWD9L2L7T4Z" failures="0" tests="11" name="com.jabbott.listr.WebappTests" time="16.450" errors="0" timestamp="2023-02-09T15:16:21 CST" skipped="0">
  <testcase classname="com.jabbott.listr.WebappTests" name="signupUser" time="2.206"/>
  <system-out/>
  <testcase classname="com.jabbott.listr.WebappTests" name="userLogin" time="1.546"/>
  <system-out/>
  <testcase classname="com.jabbott.listr.WebappTests" name="createList" time="1.291"/>
  <system-out/>
  <testcase classname="com.jabbott.listr.WebappTests" name="createCategory" time="1.246"/>
  <system-out/>
  <testcase classname="com.jabbott.listr.WebappTests" name="createItem" time="1.726"/>
  <system-out/>
  <testcase classname="com.jabbott.listr.WebappTests" name="editList" time="1.279"/>
  <system-out/>
  <testcase classname="com.jabbott.listr.WebappTests" name="editCategory" time="1.298"/>
  <system-out/>
  <testcase classname="com.jabbott.listr.WebappTests" name="editItem" time="1.895"/>
  <system-out/>
  <testcase classname="com.jabbott.listr.WebappTests" name="deleteItem" time="1.119"/>
  <system-out/>
  <testcase classname="com.jabbott.listr.WebappTests" name="deleteCategory" time="1.154"/>
  <system-out/>
  <testcase classname="com.jabbott.listr.WebappTests" name="deleteList" time="1.690"/>
  <system-out/>
</testsuite> <!-- com.jabbott.listr.WebappTests -->
