<?xml version="1.0" encoding="UTF-8"?>
<!-- Generated by org.testng.reporters.JUnitReportReporter -->
<testsuite hostname="AFSWWD9L2L7T4Z" failures="0" tests="7" name="com.jabbott.listr.ItemTests" time="0.094" errors="0" timestamp="2023-02-06T11:04:35 CST" skipped="0">
  <testcase classname="com.jabbott.listr.ItemTests" name="createItem" time="0.045"/>
  <system-out/>
  <testcase classname="com.jabbott.listr.ItemTests" name="retrieveItem" time="0.006"/>
  <system-out/>
  <testcase classname="com.jabbott.listr.ItemTests" name="updateItemDoesNotExist" time="0.011"/>
  <system-out/>
  <testcase classname="com.jabbott.listr.ItemTests" name="deleteItemDoesNotExist" time="0.007"/>
  <system-out/>
  <testcase classname="com.jabbott.listr.ItemTests" name="retrieveItemDoesNotExist" time="0.005"/>
  <system-out/>
  <testcase classname="com.jabbott.listr.ItemTests" name="updateItem" time="0.006"/>
  <system-out/>
  <testcase classname="com.jabbott.listr.ItemTests" name="deleteItem" time="0.014"/>
  <system-out/>
</testsuite> <!-- com.jabbott.listr.ItemTests -->
