<?xml version="1.0" encoding="UTF-8"?>
<!-- Generated by org.testng.reporters.JUnitReportReporter -->
<testsuite hostname="AFSWWD9L2L7T4Z" failures="0" tests="7" name="com.jabbott.listr.ListTests" time="0.066" errors="0" timestamp="2023-02-06T11:03:47 CST" skipped="0">
  <testcase classname="com.jabbott.listr.ListTests" name="createList" time="0.036"/>
  <system-out/>
  <testcase classname="com.jabbott.listr.ListTests" name="retrieveList" time="0.006"/>
  <system-out/>
  <testcase classname="com.jabbott.listr.ListTests" name="updateListDoesNotExist" time="0.004"/>
  <system-out/>
  <testcase classname="com.jabbott.listr.ListTests" name="deleteListDoesNotExist" time="0.003"/>
  <system-out/>
  <testcase classname="com.jabbott.listr.ListTests" name="retrieveListDoesNotExist" time="0.002"/>
  <system-out/>
  <testcase classname="com.jabbott.listr.ListTests" name="updateList" time="0.006"/>
  <system-out/>
  <testcase classname="com.jabbott.listr.ListTests" name="deleteList" time="0.009"/>
  <system-out/>
</testsuite> <!-- com.jabbott.listr.ListTests -->
